<?xml version="1.0" encoding="UTF-8"?>
<!-- Generated by org.testng.reporters.JUnitXMLReporter -->
<testsuite hostname="DESKTOP-N5CTOJG" ignored="6" name="Test" tests="1" failures="0" timestamp="29 Jan 2020 13:45:11 GMT" time="18.774" errors="0">
  <testcase name="testValidLoginLogout" time="5.788" classname="com.actitime.tests.ValidLoginLogoutTest"/>
  <testcase name="@BeforeTest startTest" time="0.0" classname="com.actitime.generic.BaseTest">
    <ignored/>
  </testcase> <!-- @BeforeTest startTest -->
  <testcase name="@BeforeTest startTest" time="0.0" classname="com.actitime.generic.BaseTest">
    <ignored/>
  </testcase> <!-- @BeforeTest startTest -->
  <testcase name="@BeforeTest startTest" time="0.0" classname="com.actitime.generic.BaseTest">
    <ignored/>
  </testcase> <!-- @BeforeTest startTest -->
  <testcase name="@AfterTest stopTest" time="0.0" classname="com.actitime.generic.BaseTest">
    <ignored/>
  </testcase> <!-- @AfterTest stopTest -->
  <testcase name="@AfterTest stopTest" time="0.0" classname="com.actitime.generic.BaseTest">
    <ignored/>
  </testcase> <!-- @AfterTest stopTest -->
  <testcase name="@AfterTest stopTest" time="0.0" classname="com.actitime.generic.BaseTest">
    <ignored/>
  </testcase> <!-- @AfterTest stopTest -->
</testsuite> <!-- Test -->
