<?xml version="1.0" encoding="UTF-8"?>
<testng-results skipped="0" failed="0" ignored="6" total="7" passed="1">
  <reporter-output>
    <line>
      <![CDATA[Tittle is matching :actiTIME - Login]]>
    </line>
    <line>
      <![CDATA[Tittle is matching :actiTIME - Enter Time-Track]]>
    </line>
    <line>
      <![CDATA[Tittle is matching :actiTIME - Login]]>
    </line>
  </reporter-output>
  <suite name="Suite" duration-ms="18774" started-at="2020-01-29T13:44:52Z" finished-at="2020-01-29T13:45:11Z">
    <groups>
    </groups>
    <test name="Test" duration-ms="18774" started-at="2020-01-29T13:44:52Z" finished-at="2020-01-29T13:45:11Z">
      <class name="com.actitime.tests.ValidLoginLogoutTest">
        <test-method status="PASS" signature="precondition()[pri:0, instance:com.actitime.tests.ValidLoginLogoutTest@752325ad]" name="precondition" is-config="true" duration-ms="12409" started-at="2020-01-29T13:44:52Z" finished-at="2020-01-29T13:45:04Z">
          <reporter-output>
          </reporter-output>
        </test-method> <!-- precondition -->
        <test-method status="PASS" signature="testValidLoginLogout()[pri:1, instance:com.actitime.tests.ValidLoginLogoutTest@752325ad]" name="testValidLoginLogout" duration-ms="5788" started-at="2020-01-29T13:45:04Z" finished-at="2020-01-29T13:45:10Z">
          <reporter-output>
            <line>
              <![CDATA[Tittle is matching :actiTIME - Login]]>
            </line>
            <line>
              <![CDATA[Tittle is matching :actiTIME - Enter Time-Track]]>
            </line>
            <line>
              <![CDATA[Tittle is matching :actiTIME - Login]]>
            </line>
          </reporter-output>
        </test-method> <!-- testValidLoginLogout -->
        <test-method status="PASS" signature="postcondition(org.testng.ITestResult)[pri:0, instance:com.actitime.tests.ValidLoginLogoutTest@752325ad]" name="postcondition" is-config="true" duration-ms="98" started-at="2020-01-29T13:45:10Z" finished-at="2020-01-29T13:45:10Z">
          <params>
            <param index="0">
              <value>
                <![CDATA[[TestResult name=testValidLoginLogout status=SUCCESS method=ValidLoginLogoutTest.testValidLoginLogout()[pri:1, instance:com.actitime.tests.ValidLoginLogoutTest@752325ad] output=Tittle is matching :actiTIME - Login]]]>
              </value>
            </param>
          </params>
          <reporter-output>
          </reporter-output>
        </test-method> <!-- postcondition -->
      </class> <!-- com.actitime.tests.ValidLoginLogoutTest -->
      <class name="com.actitime.tests.InvalidLoginTest">
        <test-method status="PASS" signature="startTest()[pri:0, instance:com.actitime.tests.InvalidLoginTest@24aed80c]" name="startTest" is-config="true" duration-ms="140" started-at="2020-01-29T13:44:52Z" finished-at="2020-01-29T13:44:52Z">
          <reporter-output>
          </reporter-output>
        </test-method> <!-- startTest -->
        <test-method status="PASS" signature="stopTest()[pri:0, instance:com.actitime.tests.InvalidLoginTest@24aed80c]" name="stopTest" is-config="true" duration-ms="317" started-at="2020-01-29T13:45:10Z" finished-at="2020-01-29T13:45:11Z">
          <reporter-output>
          </reporter-output>
        </test-method> <!-- stopTest -->
      </class> <!-- com.actitime.tests.InvalidLoginTest -->
    </test> <!-- Test -->
  </suite> <!-- Suite -->
</testng-results>
